0 info it worked if it ends with ok
1 verbose cli [ '/usr/local/bin/node', '/usr/local/bin/npm', 'ls', '-g' ]
2 info using npm@1.3.14
3 info using node@v0.10.22
4 verbose node symlink /usr/local/bin/node
5 error missing: cli@0.4.x, required by ipv6@3.1.1
5 error missing: cliff@0.1.x, required by ipv6@3.1.1
6 verbose exit [ 1, true ]
7 error Error: write EPIPE
7 error     at errnoException (net.js:901:11)
7 error     at Object.afterWrite (net.js:718:19)
8 error If you need help, you may report this log at:
8 error     <http://github.com/isaacs/npm/issues>
8 error or email it to:
8 error     <npm-@googlegroups.com>
9 error System Linux 2.6.32-504.16.2.el6.centos.plus.i686
10 error command "/usr/local/bin/node" "/usr/local/bin/npm" "ls" "-g"
11 error cwd /home/a423831/cloud/viaduct/sandro.casali@tiscali.it/mybotscout
12 error node -v v0.10.22
13 error npm -v 1.3.14
14 error syscall write
15 error code EPIPE
16 error errno EPIPE
17 verbose exit [ 1, true ]
